c:\users\nes\documents\vs_test\consoleapplication2\consoleapplication2\x64\debug\vc143.pdb
c:\users\nes\documents\vs_test\consoleapplication2\consoleapplication2\x64\debug\vc143.idb
c:\users\nes\documents\vs_test\consoleapplication2\consoleapplication2\x64\debug\serial.obj
c:\users\nes\documents\vs_test\consoleapplication2\consoleapplication2\x64\debug\main.obj
c:\users\nes\documents\vs_test\consoleapplication2\consoleapplication2\x64\debug\att_mavlink_msg.ilk
c:\users\nes\documents\vs_test\consoleapplication2\x64\debug\att_mavlink_msg.exe
c:\users\nes\documents\vs_test\consoleapplication2\x64\debug\att_mavlink_msg.pdb
c:\users\nes\documents\vs_test\att_mavlink_msg\att_mavlink_msg\x64\debug\main.obj
c:\users\nes\documents\vs_test\att_mavlink_msg\att_mavlink_msg\x64\debug\serial.obj
c:\users\nes\documents\vs_test\att_mavlink_msg\att_mavlink_msg\x64\debug\att_mavlink_msg.ilk
c:\users\nes\documents\vs_test\att_mavlink_msg\att_mavlink_msg\x64\debug\consoleapplication2.ilk
c:\users\nes\documents\vs_test\att_mavlink_msg\att_mavlink_msg\x64\debug\vc143.idb
c:\users\nes\documents\vs_test\att_mavlink_msg\att_mavlink_msg\x64\debug\vc143.pdb
c:\users\nes\documents\vs_test\att_mavlink_msg\x64\debug\att_mavlink_msg.pdb
c:\users\nes\documents\vs_test\att_mavlink_msg\x64\debug\att_mavlink_msg.exe
c:\users\nes\documents\vs_test\att_mavlink_msg\att_mavlink_msg\x64\debug\att_mavlink_msg.tlog\cl.command.1.tlog
c:\users\nes\documents\vs_test\att_mavlink_msg\att_mavlink_msg\x64\debug\att_mavlink_msg.tlog\cl.read.1.tlog
c:\users\nes\documents\vs_test\att_mavlink_msg\att_mavlink_msg\x64\debug\att_mavlink_msg.tlog\cl.write.1.tlog
c:\users\nes\documents\vs_test\att_mavlink_msg\att_mavlink_msg\x64\debug\att_mavlink_msg.tlog\link.command.1.tlog
c:\users\nes\documents\vs_test\att_mavlink_msg\att_mavlink_msg\x64\debug\att_mavlink_msg.tlog\link.read.1.tlog
c:\users\nes\documents\vs_test\att_mavlink_msg\att_mavlink_msg\x64\debug\att_mavlink_msg.tlog\link.write.1.tlog
